  zutil.c
  window.c
  wavestream.c
z:\profiledata\documents\cg2\libs\wavestream.c(426): warning C4018: '<': signed/unsigned mismatch
z:\profiledata\documents\cg2\libs\wavestream.c(436): warning C4102: 'done': unreferenced label
  vorbisfile.c
z:\profiledata\documents\cg2\libs\vorbisfile.c(259): warning C4244: 'function': conversion from 'ogg_int64_t' to 'long', possible loss of data
z:\profiledata\documents\cg2\libs\vorbisfile.c(273): warning C4244: '=': conversion from 'ogg_int64_t' to 'int', possible loss of data
z:\profiledata\documents\cg2\libs\vorbisfile.c(539): warning C4244: 'return': conversion from 'ogg_int64_t' to 'int', possible loss of data
z:\profiledata\documents\cg2\libs\vorbisfile.c(566): warning C4244: 'return': conversion from 'ogg_int64_t' to 'int', possible loss of data
z:\profiledata\documents\cg2\libs\vorbisfile.c(570): warning C4244: 'return': conversion from 'ogg_int64_t' to 'int', possible loss of data
z:\profiledata\documents\cg2\libs\vorbisfile.c(580): warning C4244: 'return': conversion from 'ogg_int64_t' to 'int', possible loss of data
z:\profiledata\documents\cg2\libs\vorbisfile.c(642): warning C4244: 'return': conversion from 'ogg_int64_t' to 'int', possible loss of data
z:\profiledata\documents\cg2\libs\vorbisfile.c(875): warning C4244: 'function': conversion from 'ogg_int64_t' to 'long', possible loss of data
z:\profiledata\documents\cg2\libs\vorbisfile.c(1115): warning C4244: '=': conversion from 'double' to 'float', possible loss of data
z:\profiledata\documents\cg2\libs\vorbisfile.c(1116): warning C4244: 'return': conversion from 'double' to 'long', possible loss of data
z:\profiledata\documents\cg2\libs\vorbisfile.c(1120): warning C4244: 'return': conversion from 'double' to 'long', possible loss of data
z:\profiledata\documents\cg2\libs\vorbisfile.c(1148): warning C4244: '=': conversion from 'double' to 'long', possible loss of data
z:\profiledata\documents\cg2\libs\vorbisfile.c(1676): warning C4244: '=': conversion from 'ogg_int64_t' to 'long', possible loss of data
z:\profiledata\documents\cg2\libs\vorbisfile.c(1713): warning C4244: 'initializing': conversion from 'double' to 'ogg_int64_t', possible loss of data
z:\profiledata\documents\cg2\libs\vorbisfile.c(1743): warning C4244: 'initializing': conversion from 'double' to 'ogg_int64_t', possible loss of data
z:\profiledata\documents\cg2\libs\vorbisfile.c(2079): warning C4244: 'initializing': conversion from 'double' to 'float', possible loss of data
  vorbisenc.c
z:\profiledata\documents\cg2\libs\psych_44.h(27): warning C4244: 'initializing': conversion from 'double' to 'int', possible loss of data
z:\profiledata\documents\cg2\libs\psych_44.h(33): warning C4244: 'initializing': conversion from 'double' to 'int', possible loss of data
z:\profiledata\documents\cg2\libs\psych_44.h(39): warning C4244: 'initializing': conversion from 'double' to 'int', possible loss of data
z:\profiledata\documents\cg2\libs\psych_44.h(45): warning C4244: 'initializing': conversion from 'double' to 'int', possible loss of data
z:\profiledata\documents\cg2\libs\psych_44.h(51): warning C4244: 'initializing': conversion from 'double' to 'int', possible loss of data
z:\profiledata\documents\cg2\libs\vorbisenc.c(248): warning C4244: '=': conversion from 'double' to 'float', possible loss of data
z:\profiledata\documents\cg2\libs\vorbisenc.c(249): warning C4244: '=': conversion from 'double' to 'float', possible loss of data
z:\profiledata\documents\cg2\libs\vorbisenc.c(251): warning C4244: '=': conversion from 'double' to 'float', possible loss of data
z:\profiledata\documents\cg2\libs\vorbisenc.c(231): warning C4244: 'initializing': conversion from 'double' to 'int', possible loss of data
z:\profiledata\documents\cg2\libs\vorbisenc.c(272): warning C4244: '=': conversion from 'double' to 'int', possible loss of data
z:\profiledata\documents\cg2\libs\vorbisenc.c(273): warning C4244: '=': conversion from 'double' to 'int', possible loss of data
z:\profiledata\documents\cg2\libs\vorbisenc.c(274): warning C4244: '=': conversion from 'float' to 'int', possible loss of data
z:\profiledata\documents\cg2\libs\vorbisenc.c(276): warning C4244: '=': conversion from 'double' to 'float', possible loss of data
z:\profiledata\documents\cg2\libs\vorbisenc.c(277): warning C4244: '=': conversion from 'double' to 'int', possible loss of data
z:\profiledata\documents\cg2\libs\vorbisenc.c(278): warning C4244: '=': conversion from 'double' to 'int', possible loss of data
z:\profiledata\documents\cg2\libs\vorbisenc.c(284): warning C4244: '=': conversion from 'double' to 'int', possible loss of data
z:\profiledata\documents\cg2\libs\vorbisenc.c(285): warning C4244: '=': conversion from 'double' to 'int', possible loss of data
z:\profiledata\documents\cg2\libs\vorbisenc.c(286): warning C4244: '=': conversion from 'float' to 'int', possible loss of data
z:\profiledata\documents\cg2\libs\vorbisenc.c(289): warning C4244: '=': conversion from 'double' to 'float', possible loss of data
z:\profiledata\documents\cg2\libs\vorbisenc.c(291): warning C4244: '=': conversion from 'double' to 'int', possible loss of data
z:\profiledata\documents\cg2\libs\vorbisenc.c(292): warning C4244: '=': conversion from 'double' to 'int', possible loss of data
z:\profiledata\documents\cg2\libs\vorbisenc.c(258): warning C4244: 'initializing': conversion from 'const double' to 'float', possible loss of data
z:\profiledata\documents\cg2\libs\vorbisenc.c(259): warning C4244: 'initializing': conversion from 'float' to 'int', possible loss of data
z:\profiledata\documents\cg2\libs\vorbisenc.c(271): warning C4244: 'initializing': conversion from 'double' to 'float', possible loss of data
z:\profiledata\documents\cg2\libs\vorbisenc.c(282): warning C4244: 'initializing': conversion from 'double' to 'float', possible loss of data
z:\profiledata\documents\cg2\libs\vorbisenc.c(312): warning C4244: 'initializing': conversion from 'double' to 'int', possible loss of data
z:\profiledata\documents\cg2\libs\vorbisenc.c(345): warning C4244: '=': conversion from 'double' to 'float', possible loss of data
z:\profiledata\documents\cg2\libs\vorbisenc.c(346): warning C4244: '=': conversion from 'double' to 'float', possible loss of data
z:\profiledata\documents\cg2\libs\vorbisenc.c(347): warning C4244: '=': conversion from 'double' to 'float', possible loss of data
z:\profiledata\documents\cg2\libs\vorbisenc.c(348): warning C4244: '=': conversion from 'double' to 'float', possible loss of data
z:\profiledata\documents\cg2\libs\vorbisenc.c(349): warning C4244: '=': conversion from 'double' to 'float', possible loss of data
z:\profiledata\documents\cg2\libs\vorbisenc.c(351): warning C4244: '=': conversion from 'double' to 'float', possible loss of data
z:\profiledata\documents\cg2\libs\vorbisenc.c(354): warning C4244: '=': conversion from 'double' to 'float', possible loss of data
z:\profiledata\documents\cg2\libs\vorbisenc.c(338): warning C4244: 'initializing': conversion from 'double' to 'int', possible loss of data
z:\profiledata\documents\cg2\libs\vorbisenc.c(377): warning C4244: '=': conversion from 'double' to 'float', possible loss of data
z:\profiledata\documents\cg2\libs\vorbisenc.c(362): warning C4244: 'initializing': conversion from 'double' to 'int', possible loss of data
z:\profiledata\documents\cg2\libs\vorbisenc.c(388): warning C4244: '=': conversion from 'double' to 'float', possible loss of data
z:\profiledata\documents\cg2\libs\vorbisenc.c(383): warning C4244: 'initializing': conversion from 'double' to 'int', possible loss of data
z:\profiledata\documents\cg2\libs\vorbisenc.c(403): warning C4244: '=': conversion from 'double' to 'float', possible loss of data
z:\profiledata\documents\cg2\libs\vorbisenc.c(410): warning C4244: '=': conversion from 'double' to 'float', possible loss of data
z:\profiledata\documents\cg2\libs\vorbisenc.c(417): warning C4244: '+=': conversion from 'double' to 'float', possible loss of data
z:\profiledata\documents\cg2\libs\vorbisenc.c(398): warning C4244: 'initializing': conversion from 'double' to 'int', possible loss of data
z:\profiledata\documents\cg2\libs\vorbisenc.c(429): warning C4244: '=': conversion from 'double' to 'float', possible loss of data
z:\profiledata\documents\cg2\libs\vorbisenc.c(430): warning C4244: '=': conversion from 'double' to 'float', possible loss of data
z:\profiledata\documents\cg2\libs\vorbisenc.c(447): warning C4244: 'initializing': conversion from 'double' to 'int', possible loss of data
z:\profiledata\documents\cg2\libs\vorbisenc.c(529): warning C4244: '=': conversion from 'double' to 'int', possible loss of data
z:\profiledata\documents\cg2\libs\vorbisenc.c(593): warning C4244: 'initializing': conversion from 'double' to 'int', possible loss of data
z:\profiledata\documents\cg2\libs\vorbisenc.c(622): warning C4244: 'initializing': conversion from 'double' to 'int', possible loss of data
z:\profiledata\documents\cg2\libs\vorbisenc.c(659): warning C4244: 'initializing': conversion from 'const double' to 'float', possible loss of data
z:\profiledata\documents\cg2\libs\vorbisenc.c(660): warning C4244: 'initializing': conversion from 'const double' to 'float', possible loss of data
z:\profiledata\documents\cg2\libs\vorbisenc.c(661): warning C4244: 'initializing': conversion from 'double' to 'float', possible loss of data
z:\profiledata\documents\cg2\libs\vorbisenc.c(717): warning C4244: 'function': conversion from 'double' to 'int', possible loss of data
z:\profiledata\documents\cg2\libs\vorbisenc.c(834): warning C4244: '=': conversion from 'double' to 'long', possible loss of data
z:\profiledata\documents\cg2\libs\vorbisenc.c(840): warning C4244: '=': conversion from 'double' to 'long', possible loss of data
z:\profiledata\documents\cg2\libs\vorbisenc.c(842): warning C4244: '=': conversion from 'double' to 'long', possible loss of data
z:\profiledata\documents\cg2\libs\vorbisenc.c(877): warning C4244: '=': conversion from 'double' to 'int', possible loss of data
z:\profiledata\documents\cg2\libs\vorbisenc.c(909): warning C4305: '+=': truncation from 'double' to 'float'
z:\profiledata\documents\cg2\libs\vorbisenc.c(910): warning C4305: '=': truncation from 'double' to 'float'
z:\profiledata\documents\cg2\libs\vorbisenc.c(958): warning C4244: '=': conversion from 'double' to 'long', possible loss of data
z:\profiledata\documents\cg2\libs\vorbisenc.c(960): warning C4244: '=': conversion from 'double' to 'long', possible loss of data
z:\profiledata\documents\cg2\libs\vorbisenc.c(970): warning C4244: '=': conversion from 'long' to 'float', possible loss of data
z:\profiledata\documents\cg2\libs\vorbisenc.c(981): warning C4244: '=': conversion from 'double' to 'long', possible loss of data
z:\profiledata\documents\cg2\libs\vorbisenc.c(1065): warning C4244: '=': conversion from 'double' to 'long', possible loss of data
z:\profiledata\documents\cg2\libs\vorbisenc.c(1081): warning C4244: '=': conversion from 'double' to 'long', possible loss of data
z:\profiledata\documents\cg2\libs\vorbisenc.c(1084): warning C4244: '=': conversion from 'double' to 'long', possible loss of data
  uncompr.c
  trees.c
  synthesis.c
  smallft.c
z:\profiledata\documents\cg2\libs\smallft.c(99): warning C4244: '=': conversion from 'double' to 'float', possible loss of data
z:\profiledata\documents\cg2\libs\smallft.c(100): warning C4244: '=': conversion from 'double' to 'float', possible loss of data
z:\profiledata\documents\cg2\libs\smallft.c(283): warning C4244: '=': conversion from 'double' to 'float', possible loss of data
z:\profiledata\documents\cg2\libs\smallft.c(284): warning C4244: '=': conversion from 'double' to 'float', possible loss of data
z:\profiledata\documents\cg2\libs\smallft.c(853): warning C4244: '=': conversion from 'double' to 'float', possible loss of data
z:\profiledata\documents\cg2\libs\smallft.c(854): warning C4244: '=': conversion from 'double' to 'float', possible loss of data
  sharedbook.c
z:\profiledata\documents\cg2\libs\sharedbook.c(55): warning C4244: '=': conversion from 'double' to 'long', possible loss of data
z:\profiledata\documents\cg2\libs\sharedbook.c(56): warning C4244: '=': conversion from 'double' to 'long', possible loss of data
z:\profiledata\documents\cg2\libs\sharedbook.c(67): warning C4244: 'return': conversion from 'double' to 'float', possible loss of data
z:\profiledata\documents\cg2\libs\sharedbook.c(164): warning C4244: 'initializing': conversion from 'double' to 'long', possible loss of data
z:\profiledata\documents\cg2\libs\sharedbook.c(223): warning C4244: '=': conversion from 'double' to 'float', possible loss of data
z:\profiledata\documents\cg2\libs\sharedbook.c(243): warning C4244: '=': conversion from 'double' to 'float', possible loss of data
z:\profiledata\documents\cg2\libs\sharedbook.c(222): warning C4244: 'initializing': conversion from 'long' to 'float', possible loss of data
z:\profiledata\documents\cg2\libs\sharedbook.c(242): warning C4244: 'initializing': conversion from 'long' to 'float', possible loss of data
z:\profiledata\documents\cg2\libs\sharedbook.c(375): warning C4244: '=': conversion from 'long' to 'char', possible loss of data
  SDLnetUDP.c
z:\profiledata\documents\cg2\libs\sdlnetudp.c(226): warning C4244: 'function': conversion from 'time_t' to 'unsigned int', possible loss of data
  SDLnetTCP.c
  SDLnetselect.c
  SDLnet.c
  res0.c
z:\profiledata\documents\cg2\libs\res0.c(447): warning C4244: '*=': conversion from 'float' to 'int', possible loss of data
z:\profiledata\documents\cg2\libs\res0.c(427): warning C4244: 'initializing': conversion from 'double' to 'float', possible loss of data
  registry.c
  psy.c
z:\profiledata\documents\cg2\libs\psy.c(137): warning C4244: 'function': conversion from 'double' to 'float', possible loss of data
z:\profiledata\documents\cg2\libs\psy.c(139): warning C4244: 'function': conversion from 'double' to 'float', possible loss of data
z:\profiledata\documents\cg2\libs\psy.c(173): warning C4244: '=': conversion from 'double' to 'int', possible loss of data
z:\profiledata\documents\cg2\libs\psy.c(174): warning C4244: '=': conversion from 'double' to 'int', possible loss of data
z:\profiledata\documents\cg2\libs\psy.c(175): warning C4244: '=': conversion from 'double' to 'int', possible loss of data
z:\profiledata\documents\cg2\libs\psy.c(254): warning C4244: '=': conversion from 'int' to 'float', possible loss of data
z:\profiledata\documents\cg2\libs\psy.c(259): warning C4244: '=': conversion from 'int' to 'float', possible loss of data
z:\profiledata\documents\cg2\libs\psy.c(192): warning C4244: 'initializing': conversion from 'double' to 'int', possible loss of data
z:\profiledata\documents\cg2\libs\psy.c(193): warning C4244: 'initializing': conversion from 'double' to 'int', possible loss of data
z:\profiledata\documents\cg2\libs\psy.c(217): warning C4244: 'initializing': conversion from 'double' to 'int', possible loss of data
z:\profiledata\documents\cg2\libs\psy.c(218): warning C4244: 'initializing': conversion from 'double' to 'int', possible loss of data
z:\profiledata\documents\cg2\libs\psy.c(239): warning C4244: 'initializing': conversion from 'double' to 'int', possible loss of data
z:\profiledata\documents\cg2\libs\psy.c(274): warning C4244: '=': conversion from 'double' to 'long', possible loss of data
z:\profiledata\documents\cg2\libs\psy.c(276): warning C4244: '=': conversion from 'double' to 'long', possible loss of data
z:\profiledata\documents\cg2\libs\psy.c(277): warning C4244: '=': conversion from 'double' to 'long', possible loss of data
z:\profiledata\documents\cg2\libs\psy.c(290): warning C4305: '=': truncation from 'double' to 'float'
z:\profiledata\documents\cg2\libs\psy.c(291): warning C4305: '=': truncation from 'double' to 'float'
z:\profiledata\documents\cg2\libs\psy.c(301): warning C4244: '=': conversion from 'double' to 'float', possible loss of data
z:\profiledata\documents\cg2\libs\psy.c(325): warning C4244: '=': conversion from 'double' to 'long', possible loss of data
z:\profiledata\documents\cg2\libs\psy.c(327): warning C4244: 'function': conversion from 'double' to 'float', possible loss of data
z:\profiledata\documents\cg2\libs\psy.c(348): warning C4244: '=': conversion from 'double' to 'float', possible loss of data
z:\profiledata\documents\cg2\libs\psy.c(296): warning C4244: 'initializing': conversion from 'double' to 'int', possible loss of data
z:\profiledata\documents\cg2\libs\psy.c(312): warning C4244: 'initializing': conversion from 'double' to 'float', possible loss of data
z:\profiledata\documents\cg2\libs\psy.c(336): warning C4244: 'initializing': conversion from 'double' to 'float', possible loss of data
z:\profiledata\documents\cg2\libs\psy.c(402): warning C4244: '=': conversion from 'const float' to 'int', possible loss of data
z:\profiledata\documents\cg2\libs\psy.c(404): warning C4244: '=': conversion from 'const float' to 'int', possible loss of data
z:\profiledata\documents\cg2\libs\psy.c(571): warning C4244: '=': conversion from 'double' to 'float', possible loss of data
z:\profiledata\documents\cg2\libs\psy.c(739): warning C4244: 'initializing': conversion from 'double' to 'int', possible loss of data
z:\profiledata\documents\cg2\libs\psy.c(801): warning C4305: '=': truncation from 'double' to 'float'
z:\profiledata\documents\cg2\libs\psy.c(807): warning C4244: '=': conversion from 'double' to 'float', possible loss of data
z:\profiledata\documents\cg2\libs\psy.c(814): warning C4305: '=': truncation from 'double' to 'float'
z:\profiledata\documents\cg2\libs\psy.c(818): warning C4244: '=': conversion from 'double' to 'float', possible loss of data
z:\profiledata\documents\cg2\libs\psy.c(922): warning C4244: 'initializing': conversion from 'double' to 'float', possible loss of data
z:\profiledata\documents\cg2\libs\psy.c(953): warning C4244: '=': conversion from 'double' to 'int', possible loss of data
z:\profiledata\documents\cg2\libs\psy.c(955): warning C4244: '=': conversion from 'double' to 'int', possible loss of data
z:\profiledata\documents\cg2\libs\psy.c(976): warning C4244: '=': conversion from 'double' to 'int', possible loss of data
z:\profiledata\documents\cg2\libs\psy.c(978): warning C4244: '=': conversion from 'double' to 'int', possible loss of data
z:\profiledata\documents\cg2\libs\psy.c(992): warning C4244: '=': conversion from 'float' to 'int', possible loss of data
z:\profiledata\documents\cg2\libs\psy.c(1050): warning C4244: '=': conversion from 'const double' to 'float', possible loss of data
z:\profiledata\documents\cg2\libs\psy.c(1128): warning C4244: '=': conversion from 'double' to 'float', possible loss of data
z:\profiledata\documents\cg2\libs\psy.c(1157): warning C4244: '=': conversion from 'double' to 'float', possible loss of data
z:\profiledata\documents\cg2\libs\psy.c(1176): warning C4244: '=': conversion from 'double' to 'float', possible loss of data
z:\profiledata\documents\cg2\libs\psy.c(1178): warning C4244: '=': conversion from 'double' to 'float', possible loss of data
z:\profiledata\documents\cg2\libs\psy.c(1021): warning C4244: 'initializing': conversion from 'const double' to 'float', possible loss of data
z:\profiledata\documents\cg2\libs\psy.c(1022): warning C4244: 'initializing': conversion from 'const double' to 'float', possible loss of data
  pngwutil.c
  pngwtran.c
  pngwrite.c
  Generating Code...
  Compiling...
  pngwio.c
  pngtrans.c
  pngset.c
  pngrutil.c
  pngrtran.c
  pngrio.c
  pngread.c
  pngpread.c
  pngmem.c
  pngget.c
  pngerror.c
  png.c
  music_ogg.c
  music_modplug.c
  music_mod.c
  music_mad.c
  music_flac.c
  music_cmd.c
  music.c
z:\profiledata\documents\cg2\libs\music.c(341): warning C4102: 'skip': unreferenced label
z:\profiledata\documents\cg2\libs\music.c(849): warning C4102: 'skip': unreferenced label
z:\profiledata\documents\cg2\libs\music.c(977): warning C4102: 'skip': unreferenced label
z:\profiledata\documents\cg2\libs\music.c(1286): warning C4102: 'skip': unreferenced label
z:\profiledata\documents\cg2\libs\music.c(1474): warning C4102: 'skip': unreferenced label
  mixer.c
  Generating Code...
  Compiling...
  mdct.c
z:\profiledata\documents\cg2\libs\mdct.c(58): warning C4244: '=': conversion from 'double' to 'int', possible loss of data
z:\profiledata\documents\cg2\libs\mdct.c(66): warning C4244: '=': conversion from 'double' to 'float', possible loss of data
z:\profiledata\documents\cg2\libs\mdct.c(67): warning C4244: '=': conversion from 'double' to 'float', possible loss of data
z:\profiledata\documents\cg2\libs\mdct.c(68): warning C4244: '=': conversion from 'double' to 'float', possible loss of data
z:\profiledata\documents\cg2\libs\mdct.c(69): warning C4244: '=': conversion from 'double' to 'float', possible loss of data
z:\profiledata\documents\cg2\libs\mdct.c(72): warning C4244: '=': conversion from 'double' to 'float', possible loss of data
z:\profiledata\documents\cg2\libs\mdct.c(73): warning C4244: '=': conversion from 'double' to 'float', possible loss of data
  mapping0.c
z:\profiledata\documents\cg2\libs\mapping0.c(272): warning C4244: '=': conversion from 'double' to 'float', possible loss of data
z:\profiledata\documents\cg2\libs\mapping0.c(318): warning C4244: '=': conversion from 'double' to 'float', possible loss of data
z:\profiledata\documents\cg2\libs\mapping0.c(335): warning C4244: '=': conversion from 'double' to 'float', possible loss of data
z:\profiledata\documents\cg2\libs\mapping0.c(393): warning C4244: '=': conversion from 'double' to 'float', possible loss of data
  lsp.c
z:\profiledata\documents\cg2\libs\lsp.c(252): warning C4244: '=': conversion from 'double' to 'float', possible loss of data
z:\profiledata\documents\cg2\libs\lsp.c(276): warning C4244: '=': conversion from 'double' to 'float', possible loss of data
z:\profiledata\documents\cg2\libs\lsp.c(259): warning C4244: 'initializing': conversion from 'double' to 'float', possible loss of data
z:\profiledata\documents\cg2\libs\lsp.c(352): warning C4244: '=': conversion from 'double' to 'float', possible loss of data
z:\profiledata\documents\cg2\libs\lsp.c(399): warning C4244: '=': conversion from 'double' to 'float', possible loss of data
z:\profiledata\documents\cg2\libs\lsp.c(451): warning C4244: '=': conversion from 'double' to 'float', possible loss of data
z:\profiledata\documents\cg2\libs\lsp.c(454): warning C4244: '=': conversion from 'double' to 'float', possible loss of data
  lpc.c
z:\profiledata\documents\cg2\libs\lpc.c(130): warning C4244: 'return': conversion from 'double' to 'float', possible loss of data
  lookup.c
  load_voc.c
  load_ogg.c
  load_mp3.c
  load_flac.c
  load_aiff.c
  inftrees.c
  info.c
z:\profiledata\documents\cg2\libs\info.c(57): warning C4244: '=': conversion from 'long' to 'char', possible loss of data
  inflate.c
  inffast.c
  infback.c
  gzwrite.c
z:\profiledata\documents\cg2\libs\gzwrite.c(79): warning C4996: 'write': The POSIX name for this item is deprecated. Instead, use the ISO C and C++ conformant name: _write. See online help for details.
  c:\program files (x86)\windows kits\10\include\10.0.10240.0\ucrt\corecrt_io.h(556): note: see declaration of 'write'
z:\profiledata\documents\cg2\libs\gzwrite.c(528): warning C4996: 'close': The POSIX name for this item is deprecated. Instead, use the ISO C and C++ conformant name: _close. See online help for details.
  c:\program files (x86)\windows kits\10\include\10.0.10240.0\ucrt\corecrt_io.h(457): note: see declaration of 'close'
  gzread.c
z:\profiledata\documents\cg2\libs\gzread.c(31): warning C4996: 'read': The POSIX name for this item is deprecated. Instead, use the ISO C and C++ conformant name: _read. See online help for details.
  c:\program files (x86)\windows kits\10\include\10.0.10240.0\ucrt\corecrt_io.h(521): note: see declaration of 'read'
z:\profiledata\documents\cg2\libs\gzread.c(650): warning C4996: 'close': The POSIX name for this item is deprecated. Instead, use the ISO C and C++ conformant name: _close. See online help for details.
  c:\program files (x86)\windows kits\10\include\10.0.10240.0\ucrt\corecrt_io.h(457): note: see declaration of 'close'
  gzlib.c
z:\profiledata\documents\cg2\libs\gzlib.c(161): warning C4996: 'open': The POSIX name for this item is deprecated. Instead, use the ISO C and C++ conformant name: _open. See online help for details.
  c:\program files (x86)\windows kits\10\include\10.0.10240.0\ucrt\corecrt_io.h(514): note: see declaration of 'open'
z:\profiledata\documents\cg2\libs\gzlib.c(185): warning C4996: 'lseek': The POSIX name for this item is deprecated. Instead, use the ISO C and C++ conformant name: _lseek. See online help for details.
  c:\program files (x86)\windows kits\10\include\10.0.10240.0\ucrt\corecrt_io.h(501): note: see declaration of 'lseek'
z:\profiledata\documents\cg2\libs\gzlib.c(269): warning C4996: 'lseek': The POSIX name for this item is deprecated. Instead, use the ISO C and C++ conformant name: _lseek. See online help for details.
  c:\program files (x86)\windows kits\10\include\10.0.10240.0\ucrt\corecrt_io.h(501): note: see declaration of 'lseek'
z:\profiledata\documents\cg2\libs\gzlib.c(310): warning C4996: 'lseek': The POSIX name for this item is deprecated. Instead, use the ISO C and C++ conformant name: _lseek. See online help for details.
  c:\program files (x86)\windows kits\10\include\10.0.10240.0\ucrt\corecrt_io.h(501): note: see declaration of 'lseek'
z:\profiledata\documents\cg2\libs\gzlib.c(405): warning C4996: 'lseek': The POSIX name for this item is deprecated. Instead, use the ISO C and C++ conformant name: _lseek. See online help for details.
  c:\program files (x86)\windows kits\10\include\10.0.10240.0\ucrt\corecrt_io.h(501): note: see declaration of 'lseek'
  gzclose.c
  framing.c
  Generating Code...
  Compiling...
  fluidsynth.c
  floor1.c
z:\profiledata\documents\cg2\libs\floor1.c(290): warning C4244: 'initializing': conversion from 'const float' to 'int', possible loss of data
z:\profiledata\documents\cg2\libs\floor1.c(514): warning C4244: '=': conversion from 'double' to 'int', possible loss of data
z:\profiledata\documents\cg2\libs\floor1.c(515): warning C4244: '=': conversion from 'double' to 'int', possible loss of data
  floor0.c
z:\profiledata\documents\cg2\libs\floor0.c(126): warning C4244: 'initializing': conversion from 'double' to 'float', possible loss of data
z:\profiledata\documents\cg2\libs\floor0.c(136): warning C4244: 'initializing': conversion from 'double' to 'int', possible loss of data
  envelope.c
z:\profiledata\documents\cg2\libs\envelope.c(48): warning C4244: '=': conversion from 'double' to 'float', possible loss of data
z:\profiledata\documents\cg2\libs\envelope.c(65): warning C4244: '=': conversion from 'double' to 'float', possible loss of data
z:\profiledata\documents\cg2\libs\envelope.c(68): warning C4244: '=': conversion from 'double' to 'float', possible loss of data
z:\profiledata\documents\cg2\libs\envelope.c(145): warning C4244: '=': conversion from 'double' to 'float', possible loss of data
z:\profiledata\documents\cg2\libs\envelope.c(127): warning C4244: 'initializing': conversion from 'double' to 'float', possible loss of data
  effect_stereoreverse.c
  effect_position.c
  effects_internal.c
  dynamic_ogg.c
  dynamic_mp3.c
  dynamic_modplug.c
  dynamic_mod.c
  dynamic_fluidsynth.c
  dynamic_flac.c
  deflate.c
  crc32.c
  compress.c
  codebook.c
  block.c
z:\profiledata\documents\cg2\libs\block.c(863): warning C4244: 'initializing': conversion from 'ogg_int64_t' to 'long', possible loss of data
z:\profiledata\documents\cg2\libs\block.c(901): warning C4244: 'initializing': conversion from 'ogg_int64_t' to 'long', possible loss of data
  bitwise.c
  bitrate.c
z:\profiledata\documents\cg2\libs\bitrate.c(42): warning C4244: '=': conversion from 'double' to 'long', possible loss of data
z:\profiledata\documents\cg2\libs\bitrate.c(43): warning C4244: '=': conversion from 'double' to 'long', possible loss of data
z:\profiledata\documents\cg2\libs\bitrate.c(44): warning C4244: '=': conversion from 'double' to 'long', possible loss of data
z:\profiledata\documents\cg2\libs\bitrate.c(51): warning C4244: 'initializing': conversion from 'double' to 'long', possible loss of data
z:\profiledata\documents\cg2\libs\bitrate.c(135): warning C4244: '=': conversion from 'double' to 'int', possible loss of data
z:\profiledata\documents\cg2\libs\bitrate.c(83): warning C4244: 'initializing': conversion from 'double' to 'int', possible loss of data
z:\profiledata\documents\cg2\libs\bitrate.c(88): warning C4244: 'initializing': conversion from 'double' to 'long', possible loss of data
  Generating Code...
  Compiling...
  analysis.c
  adler32.c
  Generating Code...
  main.cpp
c:\program files (x86)\windows kits\10\include\10.0.10240.0\ucrt\math.h(1001): warning C4005: 'M_PI': macro redefinition
  z:\profiledata\documents\cg2\cgfps\sdl2-2.0.5\include\sdl_stdinc.h(440): note: see previous definition of 'M_PI'
z:\profiledata\documents\cg2\cgfps\consoleapplication1\main.cpp(54): warning C4297: 'SDL_main': function assumed not to throw an exception but does
  z:\profiledata\documents\cg2\cgfps\consoleapplication1\main.cpp(54): note: __declspec(nothrow), throw(), noexcept(true), or noexcept was specified on the function
z:\profiledata\documents\cg2\cgfps\consoleapplication1\main.cpp(66): warning C4297: 'SDL_main': function assumed not to throw an exception but does
  z:\profiledata\documents\cg2\cgfps\consoleapplication1\main.cpp(66): note: __declspec(nothrow), throw(), noexcept(true), or noexcept was specified on the function
z:\profiledata\documents\cg2\cgfps\libs\math3d.h(836): warning C4244: 'argument': conversion from 'double' to 'const float', possible loss of data
  z:\profiledata\documents\cg2\cgfps\libs\math3d.h(1011): note: see reference to function template instantiation 'T normalize<vec3>(const T &)' being compiled
          with
          [
              T=vec3
          ]
  glfuncs.cpp
  Generating Code...
     Creating library Z:\profiledata\Documents\CG2\CGFPS\Debug\GLFramework.lib and object Z:\profiledata\Documents\CG2\CGFPS\Debug\GLFramework.exp
  ConsoleApplication1.vcxproj -> Z:\profiledata\Documents\CG2\CGFPS\Debug\GLFramework.exe
  ConsoleApplication1.vcxproj -> Z:\profiledata\Documents\CG2\CGFPS\Debug\GLFramework.pdb (Full PDB)
