z:\profiledata\documents\visual studio 2015\projects\consoleapplication1\consoleapplication1\debug\vc140.pdb
z:\profiledata\documents\visual studio 2015\projects\consoleapplication1\consoleapplication1\debug\vc140.idb
z:\profiledata\documents\visual studio 2015\projects\consoleapplication1\consoleapplication1\debug\pngwrite.obj
z:\profiledata\documents\visual studio 2015\projects\consoleapplication1\consoleapplication1\debug\pngwtran.obj
z:\profiledata\documents\visual studio 2015\projects\consoleapplication1\consoleapplication1\debug\pngwutil.obj
z:\profiledata\documents\visual studio 2015\projects\consoleapplication1\consoleapplication1\debug\psy.obj
z:\profiledata\documents\visual studio 2015\projects\consoleapplication1\consoleapplication1\debug\registry.obj
z:\profiledata\documents\visual studio 2015\projects\consoleapplication1\consoleapplication1\debug\res0.obj
z:\profiledata\documents\visual studio 2015\projects\consoleapplication1\consoleapplication1\debug\sdlnet.obj
z:\profiledata\documents\visual studio 2015\projects\consoleapplication1\consoleapplication1\debug\sdlnetselect.obj
z:\profiledata\documents\visual studio 2015\projects\consoleapplication1\consoleapplication1\debug\sdlnettcp.obj
z:\profiledata\documents\visual studio 2015\projects\consoleapplication1\consoleapplication1\debug\sdlnetudp.obj
z:\profiledata\documents\visual studio 2015\projects\consoleapplication1\consoleapplication1\debug\sharedbook.obj
z:\profiledata\documents\visual studio 2015\projects\consoleapplication1\consoleapplication1\debug\smallft.obj
z:\profiledata\documents\visual studio 2015\projects\consoleapplication1\consoleapplication1\debug\synthesis.obj
z:\profiledata\documents\visual studio 2015\projects\consoleapplication1\consoleapplication1\debug\trees.obj
z:\profiledata\documents\visual studio 2015\projects\consoleapplication1\consoleapplication1\debug\uncompr.obj
z:\profiledata\documents\visual studio 2015\projects\consoleapplication1\consoleapplication1\debug\vorbisenc.obj
z:\profiledata\documents\visual studio 2015\projects\consoleapplication1\consoleapplication1\debug\vorbisfile.obj
z:\profiledata\documents\visual studio 2015\projects\consoleapplication1\consoleapplication1\debug\wavestream.obj
z:\profiledata\documents\visual studio 2015\projects\consoleapplication1\consoleapplication1\debug\window.obj
z:\profiledata\documents\visual studio 2015\projects\consoleapplication1\consoleapplication1\debug\zutil.obj
z:\profiledata\documents\visual studio 2015\projects\consoleapplication1\consoleapplication1\debug\mixer.obj
z:\profiledata\documents\visual studio 2015\projects\consoleapplication1\consoleapplication1\debug\music.obj
z:\profiledata\documents\visual studio 2015\projects\consoleapplication1\consoleapplication1\debug\music_cmd.obj
z:\profiledata\documents\visual studio 2015\projects\consoleapplication1\consoleapplication1\debug\music_flac.obj
z:\profiledata\documents\visual studio 2015\projects\consoleapplication1\consoleapplication1\debug\music_mad.obj
z:\profiledata\documents\visual studio 2015\projects\consoleapplication1\consoleapplication1\debug\music_mod.obj
z:\profiledata\documents\visual studio 2015\projects\consoleapplication1\consoleapplication1\debug\music_modplug.obj
z:\profiledata\documents\visual studio 2015\projects\consoleapplication1\consoleapplication1\debug\music_ogg.obj
z:\profiledata\documents\visual studio 2015\projects\consoleapplication1\consoleapplication1\debug\png.obj
z:\profiledata\documents\visual studio 2015\projects\consoleapplication1\consoleapplication1\debug\pngerror.obj
z:\profiledata\documents\visual studio 2015\projects\consoleapplication1\consoleapplication1\debug\pngget.obj
z:\profiledata\documents\visual studio 2015\projects\consoleapplication1\consoleapplication1\debug\pngmem.obj
z:\profiledata\documents\visual studio 2015\projects\consoleapplication1\consoleapplication1\debug\pngpread.obj
z:\profiledata\documents\visual studio 2015\projects\consoleapplication1\consoleapplication1\debug\pngread.obj
z:\profiledata\documents\visual studio 2015\projects\consoleapplication1\consoleapplication1\debug\pngrio.obj
z:\profiledata\documents\visual studio 2015\projects\consoleapplication1\consoleapplication1\debug\pngrtran.obj
z:\profiledata\documents\visual studio 2015\projects\consoleapplication1\consoleapplication1\debug\pngrutil.obj
z:\profiledata\documents\visual studio 2015\projects\consoleapplication1\consoleapplication1\debug\pngset.obj
z:\profiledata\documents\visual studio 2015\projects\consoleapplication1\consoleapplication1\debug\pngtrans.obj
z:\profiledata\documents\visual studio 2015\projects\consoleapplication1\consoleapplication1\debug\pngwio.obj
z:\profiledata\documents\visual studio 2015\projects\consoleapplication1\consoleapplication1\debug\framing.obj
z:\profiledata\documents\visual studio 2015\projects\consoleapplication1\consoleapplication1\debug\gzclose.obj
z:\profiledata\documents\visual studio 2015\projects\consoleapplication1\consoleapplication1\debug\gzlib.obj
z:\profiledata\documents\visual studio 2015\projects\consoleapplication1\consoleapplication1\debug\gzread.obj
z:\profiledata\documents\visual studio 2015\projects\consoleapplication1\consoleapplication1\debug\gzwrite.obj
z:\profiledata\documents\visual studio 2015\projects\consoleapplication1\consoleapplication1\debug\infback.obj
z:\profiledata\documents\visual studio 2015\projects\consoleapplication1\consoleapplication1\debug\inffast.obj
z:\profiledata\documents\visual studio 2015\projects\consoleapplication1\consoleapplication1\debug\inflate.obj
z:\profiledata\documents\visual studio 2015\projects\consoleapplication1\consoleapplication1\debug\info.obj
z:\profiledata\documents\visual studio 2015\projects\consoleapplication1\consoleapplication1\debug\inftrees.obj
z:\profiledata\documents\visual studio 2015\projects\consoleapplication1\consoleapplication1\debug\load_aiff.obj
z:\profiledata\documents\visual studio 2015\projects\consoleapplication1\consoleapplication1\debug\load_flac.obj
z:\profiledata\documents\visual studio 2015\projects\consoleapplication1\consoleapplication1\debug\load_mp3.obj
z:\profiledata\documents\visual studio 2015\projects\consoleapplication1\consoleapplication1\debug\load_ogg.obj
z:\profiledata\documents\visual studio 2015\projects\consoleapplication1\consoleapplication1\debug\load_voc.obj
z:\profiledata\documents\visual studio 2015\projects\consoleapplication1\consoleapplication1\debug\lookup.obj
z:\profiledata\documents\visual studio 2015\projects\consoleapplication1\consoleapplication1\debug\lpc.obj
z:\profiledata\documents\visual studio 2015\projects\consoleapplication1\consoleapplication1\debug\lsp.obj
z:\profiledata\documents\visual studio 2015\projects\consoleapplication1\consoleapplication1\debug\mapping0.obj
z:\profiledata\documents\visual studio 2015\projects\consoleapplication1\consoleapplication1\debug\mdct.obj
z:\profiledata\documents\visual studio 2015\projects\consoleapplication1\consoleapplication1\debug\bitrate.obj
z:\profiledata\documents\visual studio 2015\projects\consoleapplication1\consoleapplication1\debug\bitwise.obj
z:\profiledata\documents\visual studio 2015\projects\consoleapplication1\consoleapplication1\debug\block.obj
z:\profiledata\documents\visual studio 2015\projects\consoleapplication1\consoleapplication1\debug\codebook.obj
z:\profiledata\documents\visual studio 2015\projects\consoleapplication1\consoleapplication1\debug\compress.obj
z:\profiledata\documents\visual studio 2015\projects\consoleapplication1\consoleapplication1\debug\crc32.obj
z:\profiledata\documents\visual studio 2015\projects\consoleapplication1\consoleapplication1\debug\deflate.obj
z:\profiledata\documents\visual studio 2015\projects\consoleapplication1\consoleapplication1\debug\dynamic_flac.obj
z:\profiledata\documents\visual studio 2015\projects\consoleapplication1\consoleapplication1\debug\dynamic_fluidsynth.obj
z:\profiledata\documents\visual studio 2015\projects\consoleapplication1\consoleapplication1\debug\dynamic_mod.obj
z:\profiledata\documents\visual studio 2015\projects\consoleapplication1\consoleapplication1\debug\dynamic_modplug.obj
z:\profiledata\documents\visual studio 2015\projects\consoleapplication1\consoleapplication1\debug\dynamic_mp3.obj
z:\profiledata\documents\visual studio 2015\projects\consoleapplication1\consoleapplication1\debug\dynamic_ogg.obj
z:\profiledata\documents\visual studio 2015\projects\consoleapplication1\consoleapplication1\debug\effects_internal.obj
z:\profiledata\documents\visual studio 2015\projects\consoleapplication1\consoleapplication1\debug\effect_position.obj
z:\profiledata\documents\visual studio 2015\projects\consoleapplication1\consoleapplication1\debug\effect_stereoreverse.obj
z:\profiledata\documents\visual studio 2015\projects\consoleapplication1\consoleapplication1\debug\envelope.obj
z:\profiledata\documents\visual studio 2015\projects\consoleapplication1\consoleapplication1\debug\floor0.obj
z:\profiledata\documents\visual studio 2015\projects\consoleapplication1\consoleapplication1\debug\floor1.obj
z:\profiledata\documents\visual studio 2015\projects\consoleapplication1\consoleapplication1\debug\fluidsynth.obj
z:\profiledata\documents\visual studio 2015\projects\consoleapplication1\consoleapplication1\debug\adler32.obj
z:\profiledata\documents\visual studio 2015\projects\consoleapplication1\consoleapplication1\debug\analysis.obj
z:\profiledata\documents\visual studio 2015\projects\consoleapplication1\consoleapplication1\debug\glfuncs.obj
z:\profiledata\documents\visual studio 2015\projects\consoleapplication1\consoleapplication1\debug\env_main.obj
z:\profiledata\documents\visual studio 2015\projects\consoleapplication1\consoleapplication1\debug\main.obj
z:\profiledata\documents\cg2\cgfps\consoleapplication1\debug\vc140.idb
z:\profiledata\documents\cg2\cgfps\consoleapplication1\debug\main.obj
z:\profiledata\documents\cg2\cgfps\consoleapplication1\debug\vc140.pdb
z:\profiledata\documents\visual studio 2015\projects\consoleapplication1\debug\glframework.ilk
z:\profiledata\documents\visual studio 2015\projects\consoleapplication1\debug\glframework.exe
z:\profiledata\documents\visual studio 2015\projects\consoleapplication1\debug\glframework.pdb
z:\profiledata\documents\cg2\cgfps\debug\glframework.ilk
z:\profiledata\documents\cg2\cgfps\debug\glframework.exe
z:\profiledata\documents\cg2\cgfps\debug\glframework.pdb
z:\profiledata\documents\visual studio 2015\projects\consoleapplication1\debug\glframework.lib
z:\profiledata\documents\visual studio 2015\projects\consoleapplication1\debug\glframework.exp
z:\profiledata\documents\cg2\cgfps\debug\glframework.lib
z:\profiledata\documents\cg2\cgfps\debug\glframework.exp
z:\profiledata\documents\cg2\cgfps\consoleapplication1\debug\effect_position.obj
z:\profiledata\documents\cg2\cgfps\consoleapplication1\debug\codebook.obj
z:\profiledata\documents\cg2\cgfps\consoleapplication1\debug\trees.obj
z:\profiledata\documents\cg2\cgfps\consoleapplication1\debug\inftrees.obj
z:\profiledata\documents\cg2\cgfps\consoleapplication1\debug\bitrate.obj
z:\profiledata\documents\cg2\cgfps\consoleapplication1\debug\pngwutil.obj
z:\profiledata\documents\cg2\cgfps\consoleapplication1\debug\envelope.obj
z:\profiledata\documents\cg2\cgfps\consoleapplication1\debug\load_voc.obj
z:\profiledata\documents\cg2\cgfps\consoleapplication1\debug\inffast.obj
z:\profiledata\documents\cg2\cgfps\consoleapplication1\debug\load_ogg.obj
z:\profiledata\documents\cg2\cgfps\consoleapplication1\debug\adler32.obj
z:\profiledata\documents\cg2\cgfps\consoleapplication1\debug\bitwise.obj
z:\profiledata\documents\cg2\cgfps\consoleapplication1\debug\dynamic_ogg.obj
z:\profiledata\documents\cg2\cgfps\consoleapplication1\debug\framing.obj
z:\profiledata\documents\cg2\cgfps\consoleapplication1\debug\music.obj
z:\profiledata\documents\cg2\cgfps\consoleapplication1\debug\compress.obj
z:\profiledata\documents\cg2\cgfps\consoleapplication1\debug\dynamic_mp3.obj
z:\profiledata\documents\cg2\cgfps\consoleapplication1\debug\sdlnettcp.obj
z:\profiledata\documents\cg2\cgfps\consoleapplication1\debug\analysis.obj
z:\profiledata\documents\cg2\cgfps\consoleapplication1\debug\registry.obj
z:\profiledata\documents\cg2\cgfps\consoleapplication1\debug\wavestream.obj
z:\profiledata\documents\cg2\cgfps\consoleapplication1\debug\effect_stereoreverse.obj
z:\profiledata\documents\cg2\cgfps\consoleapplication1\debug\res0.obj
z:\profiledata\documents\cg2\cgfps\consoleapplication1\debug\smallft.obj
z:\profiledata\documents\cg2\cgfps\consoleapplication1\debug\inflate.obj
z:\profiledata\documents\cg2\cgfps\consoleapplication1\debug\gzread.obj
z:\profiledata\documents\cg2\cgfps\consoleapplication1\debug\crc32.obj
z:\profiledata\documents\cg2\cgfps\consoleapplication1\debug\effects_internal.obj
z:\profiledata\documents\cg2\cgfps\consoleapplication1\debug\pngread.obj
z:\profiledata\documents\cg2\cgfps\consoleapplication1\debug\block.obj
z:\profiledata\documents\cg2\cgfps\consoleapplication1\debug\load_mp3.obj
z:\profiledata\documents\cg2\cgfps\consoleapplication1\debug\zutil.obj
z:\profiledata\documents\cg2\cgfps\consoleapplication1\debug\sdlnet.obj
z:\profiledata\documents\cg2\cgfps\consoleapplication1\debug\dynamic_modplug.obj
z:\profiledata\documents\cg2\cgfps\consoleapplication1\debug\load_aiff.obj
z:\profiledata\documents\cg2\cgfps\consoleapplication1\debug\music_ogg.obj
z:\profiledata\documents\cg2\cgfps\consoleapplication1\debug\dynamic_flac.obj
z:\profiledata\documents\cg2\cgfps\consoleapplication1\debug\gzlib.obj
z:\profiledata\documents\cg2\cgfps\consoleapplication1\debug\mdct.obj
z:\profiledata\documents\cg2\cgfps\consoleapplication1\debug\synthesis.obj
z:\profiledata\documents\cg2\cgfps\consoleapplication1\debug\dynamic_mod.obj
z:\profiledata\documents\cg2\cgfps\consoleapplication1\debug\pngwio.obj
z:\profiledata\documents\cg2\cgfps\consoleapplication1\debug\pngpread.obj
z:\profiledata\documents\cg2\cgfps\consoleapplication1\debug\infback.obj
z:\profiledata\documents\cg2\cgfps\consoleapplication1\debug\mixer.obj
z:\profiledata\documents\cg2\cgfps\consoleapplication1\debug\lpc.obj
z:\profiledata\documents\cg2\cgfps\consoleapplication1\debug\png.obj
z:\profiledata\documents\cg2\cgfps\consoleapplication1\debug\glfuncs.obj
z:\profiledata\documents\cg2\cgfps\consoleapplication1\debug\fluidsynth.obj
z:\profiledata\documents\cg2\cgfps\consoleapplication1\debug\gzwrite.obj
z:\profiledata\documents\cg2\cgfps\consoleapplication1\debug\floor0.obj
z:\profiledata\documents\cg2\cgfps\consoleapplication1\debug\pngrutil.obj
z:\profiledata\documents\cg2\cgfps\consoleapplication1\debug\psy.obj
z:\profiledata\documents\cg2\cgfps\consoleapplication1\debug\gzclose.obj
z:\profiledata\documents\cg2\cgfps\consoleapplication1\debug\pngwrite.obj
z:\profiledata\documents\cg2\cgfps\consoleapplication1\debug\env_main.obj
z:\profiledata\documents\cg2\cgfps\consoleapplication1\debug\vorbisenc.obj
z:\profiledata\documents\cg2\cgfps\consoleapplication1\debug\music_flac.obj
z:\profiledata\documents\cg2\cgfps\consoleapplication1\debug\pngrtran.obj
z:\profiledata\documents\cg2\cgfps\consoleapplication1\debug\floor1.obj
z:\profiledata\documents\cg2\cgfps\consoleapplication1\debug\info.obj
z:\profiledata\documents\cg2\cgfps\consoleapplication1\debug\sdlnetselect.obj
z:\profiledata\documents\cg2\cgfps\consoleapplication1\debug\uncompr.obj
z:\profiledata\documents\cg2\cgfps\consoleapplication1\debug\music_modplug.obj
z:\profiledata\documents\cg2\cgfps\consoleapplication1\debug\window.obj
z:\profiledata\documents\cg2\cgfps\consoleapplication1\debug\pngget.obj
z:\profiledata\documents\cg2\cgfps\consoleapplication1\debug\sharedbook.obj
z:\profiledata\documents\cg2\cgfps\consoleapplication1\debug\pngmem.obj
z:\profiledata\documents\cg2\cgfps\consoleapplication1\debug\pngset.obj
z:\profiledata\documents\cg2\cgfps\consoleapplication1\debug\music_mad.obj
z:\profiledata\documents\cg2\cgfps\consoleapplication1\debug\sdlnetudp.obj
z:\profiledata\documents\cg2\cgfps\consoleapplication1\debug\lookup.obj
z:\profiledata\documents\cg2\cgfps\consoleapplication1\debug\lsp.obj
z:\profiledata\documents\cg2\cgfps\consoleapplication1\debug\pngwtran.obj
z:\profiledata\documents\cg2\cgfps\consoleapplication1\debug\dynamic_fluidsynth.obj
z:\profiledata\documents\cg2\cgfps\consoleapplication1\debug\deflate.obj
z:\profiledata\documents\cg2\cgfps\consoleapplication1\debug\vorbisfile.obj
z:\profiledata\documents\cg2\cgfps\consoleapplication1\debug\load_flac.obj
z:\profiledata\documents\cg2\cgfps\consoleapplication1\debug\pngrio.obj
z:\profiledata\documents\cg2\cgfps\consoleapplication1\debug\mapping0.obj
z:\profiledata\documents\cg2\cgfps\consoleapplication1\debug\music_mod.obj
z:\profiledata\documents\cg2\cgfps\consoleapplication1\debug\pngtrans.obj
z:\profiledata\documents\cg2\cgfps\consoleapplication1\debug\music_cmd.obj
z:\profiledata\documents\cg2\cgfps\consoleapplication1\debug\pngerror.obj
z:\profiledata\documents\cg2\cgfps\consoleapplication1\debug\glframework.tlog\link.read.1.tlog
z:\profiledata\documents\cg2\cgfps\consoleapplication1\debug\glframework.tlog\cl.write.1.tlog
z:\profiledata\documents\cg2\cgfps\consoleapplication1\debug\glframework.tlog\cl.command.1.tlog
z:\profiledata\documents\cg2\cgfps\consoleapplication1\debug\glframework.tlog\link.command.1.tlog
z:\profiledata\documents\cg2\cgfps\consoleapplication1\debug\glframework.tlog\link.write.1.tlog
z:\profiledata\documents\cg2\cgfps\consoleapplication1\debug\glframework.tlog\glframework.write.1u.tlog
z:\profiledata\documents\cg2\cgfps\consoleapplication1\debug\glframework.tlog\cl.read.1.tlog
